2025-02-28 14:13:16,674 [INFO] werkzeug: [31m[1mWARNING: This is a development server. Do not use it in a production deployment. Use a production WSGI server instead.[0m
 * Running on http://127.0.0.1:5000
2025-02-28 14:13:16,676 [INFO] werkzeug: [33mPress CTRL+C to quit[0m
2025-02-28 14:13:16,678 [INFO] werkzeug:  * Restarting with stat
2025-02-28 14:13:18,218 [WARNING] werkzeug:  * Debugger is active!
2025-02-28 14:13:18,240 [INFO] werkzeug:  * Debugger PIN: 170-763-050
2025-02-28 14:15:36,808 [INFO] werkzeug:  * Detected change in 'C:\\Users\\openc\\OneDrive\\Pictures\\moxamel\\Education\\app.py', reloading
2025-02-28 14:15:36,955 [INFO] werkzeug:  * Restarting with stat
2025-02-28 14:15:38,740 [WARNING] werkzeug:  * Debugger is active!
2025-02-28 14:15:38,750 [INFO] werkzeug:  * Debugger PIN: 170-763-050
2025-02-28 14:15:45,633 [INFO] werkzeug: 127.0.0.1 - - [28/Feb/2025 14:15:45] "[35m[1mGET / HTTP/1.1[0m" 500 -
2025-02-28 14:15:45,812 [INFO] werkzeug: 127.0.0.1 - - [28/Feb/2025 14:15:45] "[36mGET /?__debugger__=yes&cmd=resource&f=debugger.js HTTP/1.1[0m" 304 -
2025-02-28 14:15:45,814 [INFO] werkzeug: 127.0.0.1 - - [28/Feb/2025 14:15:45] "[36mGET /?__debugger__=yes&cmd=resource&f=style.css HTTP/1.1[0m" 304 -
2025-02-28 14:15:45,955 [INFO] werkzeug: 127.0.0.1 - - [28/Feb/2025 14:15:45] "GET /?__debugger__=yes&cmd=resource&f=console.png&s=Ke0ZYqhxsrK8xzxBftGe HTTP/1.1" 200 -
2025-02-28 14:15:45,979 [INFO] werkzeug: 127.0.0.1 - - [28/Feb/2025 14:15:45] "[36mGET /?__debugger__=yes&cmd=resource&f=console.png HTTP/1.1[0m" 304 -
2025-02-28 14:16:01,320 [INFO] werkzeug:  * Detected change in 'C:\\Users\\openc\\OneDrive\\Pictures\\moxamel\\Education\\app.py', reloading
2025-02-28 14:16:01,523 [INFO] werkzeug:  * Restarting with stat
2025-02-28 14:16:02,968 [WARNING] werkzeug:  * Debugger is active!
2025-02-28 14:16:02,978 [INFO] werkzeug:  * Debugger PIN: 170-763-050
2025-02-28 14:16:06,416 [INFO] __main__: Checking if token file exists at: C:\Users\openc\OneDrive\Pictures\moxamel\Education\token.json
2025-02-28 14:16:06,418 [INFO] __main__: Token file exists. Attempting to load credentials from token file.
2025-02-28 14:16:06,420 [WARNING] __main__: Refresh token not found in token file. Deleting token file.
2025-02-28 14:16:06,421 [ERROR] __main__: Error deleting token file: [WinError 32] The process cannot access the file because it is being used by another process: 'C:\\Users\\openc\\OneDrive\\Pictures\\moxamel\\Education\\token.json'
2025-02-28 14:16:06,421 [INFO] __main__: Credentials not found or invalid. Attempting to refresh or obtain new credentials.
2025-02-28 14:16:06,421 [INFO] __main__: No valid credentials or refresh token. Running installed app flow to obtain new credentials.
2025-02-28 14:16:06,423 [INFO] __main__: Authorization URL: https://accounts.google.com/o/oauth2/auth?response_type=code&client_id=349751729959-0rqesorn1i8b2db1aip8fnio1chs2b40.apps.googleusercontent.com&redirect_uri=http%3A%2F%2Flocalhost%3A8080%2F&scope=https%3A%2F%2Fwww.googleapis.com%2Fauth%2Fclassroom.coursework.me+https%3A%2F%2Fwww.googleapis.com%2Fauth%2Fdrive.file+https%3A%2F%2Fwww.googleapis.com%2Fauth%2Fclassroom.courses.readonly&state=VvcGIilGSppKD9g4YhEpXl6Da6Tfyn&access_type=offline&prompt=consent
2025-02-28 14:16:08,055 [INFO] google_auth_oauthlib.flow: "GET /?state=gaosu4m9nMCl4JOYRZWT4iGTZ3IQOt&code=4%2F0AQSTgQE4wAUDDu00wuo2_IaFFq9O8CBmuSvpg0r67mVn9Ke0JaIIdmUz8ep4PJLDRECGlQ&scope=https%3A%2F%2Fwww.googleapis.com%2Fauth%2Fdrive.file+https%3A%2F%2Fwww.googleapis.com%2Fauth%2Fclassroom.courses.readonly+https%3A%2F%2Fwww.googleapis.com%2Fauth%2Fclassroom.coursework.me HTTP/1.1" 200 65
2025-02-28 14:16:08,290 [INFO] __main__: New credentials obtained.
2025-02-28 14:16:08,290 [WARNING] __main__: No refresh token obtained, this may cause issues later.
2025-02-28 14:16:08,292 [INFO] __main__: Credentials saved to token file.
2025-02-28 14:16:08,300 [INFO] googleapiclient.discovery_cache: file_cache is only supported with oauth2client<4.0.0
2025-02-28 14:16:08,308 [INFO] googleapiclient.discovery_cache: file_cache is only supported with oauth2client<4.0.0
2025-02-28 14:16:10,596 [INFO] werkzeug: 127.0.0.1 - - [28/Feb/2025 14:16:10] "GET / HTTP/1.1" 200 -
2025-02-28 14:16:10,680 [INFO] werkzeug: 127.0.0.1 - - [28/Feb/2025 14:16:10] "[36mGET /static/style.css HTTP/1.1[0m" 304 -
2025-02-28 14:16:10,702 [INFO] werkzeug: 127.0.0.1 - - [28/Feb/2025 14:16:10] "[36mGET /static/script.js HTTP/1.1[0m" 304 -
2025-02-28 14:16:10,752 [INFO] __main__: Checking if token file exists at: C:\Users\openc\OneDrive\Pictures\moxamel\Education\token.json
2025-02-28 14:16:10,753 [INFO] werkzeug: 127.0.0.1 - - [28/Feb/2025 14:16:10] "[33mGET /favicon.ico HTTP/1.1[0m" 404 -
2025-02-28 14:16:10,753 [INFO] __main__: Token file exists. Attempting to load credentials from token file.
2025-02-28 14:16:10,783 [WARNING] __main__: Refresh token not found in token file. Deleting token file.
2025-02-28 14:16:10,818 [ERROR] __main__: Error deleting token file: [WinError 32] The process cannot access the file because it is being used by another process: 'C:\\Users\\openc\\OneDrive\\Pictures\\moxamel\\Education\\token.json'
2025-02-28 14:16:10,819 [INFO] __main__: Credentials not found or invalid. Attempting to refresh or obtain new credentials.
2025-02-28 14:16:10,823 [INFO] __main__: No valid credentials or refresh token. Running installed app flow to obtain new credentials.
2025-02-28 14:16:10,858 [INFO] __main__: Authorization URL: https://accounts.google.com/o/oauth2/auth?response_type=code&client_id=349751729959-0rqesorn1i8b2db1aip8fnio1chs2b40.apps.googleusercontent.com&redirect_uri=http%3A%2F%2Flocalhost%3A8080%2F&scope=https%3A%2F%2Fwww.googleapis.com%2Fauth%2Fclassroom.coursework.me+https%3A%2F%2Fwww.googleapis.com%2Fauth%2Fdrive.file+https%3A%2F%2Fwww.googleapis.com%2Fauth%2Fclassroom.courses.readonly&state=8pNbf3nBoqsNwQqTBiYonuBuTj6Bhf&access_type=offline&prompt=consent
2025-02-28 14:16:12,201 [INFO] google_auth_oauthlib.flow: "GET /?state=H3hoqVQkyAJWIMTJ68ThLIkzRlZbpi&code=4%2F0AQSTgQEVqKAyrgzIOI27vAGcb25W9TXBYLlDAOgAdUnYAiVHUhjM8zeT7VrRFLdzkPzqfg&scope=https%3A%2F%2Fwww.googleapis.com%2Fauth%2Fdrive.file+https%3A%2F%2Fwww.googleapis.com%2Fauth%2Fclassroom.courses.readonly+https%3A%2F%2Fwww.googleapis.com%2Fauth%2Fclassroom.coursework.me HTTP/1.1" 200 65
2025-02-28 14:16:12,386 [INFO] __main__: New credentials obtained.
2025-02-28 14:16:12,386 [WARNING] __main__: No refresh token obtained, this may cause issues later.
2025-02-28 14:16:12,387 [INFO] __main__: Credentials saved to token file.
2025-02-28 14:16:12,392 [INFO] googleapiclient.discovery_cache: file_cache is only supported with oauth2client<4.0.0
2025-02-28 14:16:12,406 [INFO] googleapiclient.discovery_cache: file_cache is only supported with oauth2client<4.0.0
2025-02-28 14:16:14,554 [INFO] werkzeug: 127.0.0.1 - - [28/Feb/2025 14:16:14] "GET /courses HTTP/1.1" 200 -
2025-02-28 14:24:27,112 [INFO] __main__: Checking if token file exists at: C:\Users\openc\OneDrive\Pictures\moxamel\Education\token.json
2025-02-28 14:24:27,114 [INFO] __main__: Token file exists. Attempting to load credentials from token file.
2025-02-28 14:24:27,118 [WARNING] __main__: Refresh token not found in token file. Deleting token file.
2025-02-28 14:24:27,119 [ERROR] __main__: Error deleting token file: [WinError 32] The process cannot access the file because it is being used by another process: 'C:\\Users\\openc\\OneDrive\\Pictures\\moxamel\\Education\\token.json'
2025-02-28 14:24:27,120 [INFO] __main__: Credentials not found or invalid. Attempting to refresh or obtain new credentials.
2025-02-28 14:24:27,120 [INFO] __main__: No valid credentials or refresh token. Running installed app flow to obtain new credentials.
2025-02-28 14:24:27,122 [INFO] __main__: Authorization URL: https://accounts.google.com/o/oauth2/auth?response_type=code&client_id=349751729959-0rqesorn1i8b2db1aip8fnio1chs2b40.apps.googleusercontent.com&redirect_uri=http%3A%2F%2Flocalhost%3A8080%2F&scope=https%3A%2F%2Fwww.googleapis.com%2Fauth%2Fclassroom.coursework.me+https%3A%2F%2Fwww.googleapis.com%2Fauth%2Fdrive.file+https%3A%2F%2Fwww.googleapis.com%2Fauth%2Fclassroom.courses.readonly&state=TbdHPfbuFBQOcosvbfIMxrjSvneC1o&access_type=offline&prompt=consent
2025-02-28 14:24:28,159 [INFO] google_auth_oauthlib.flow: "GET /?state=EiJebkmeukx7jOiDt9Hrqn8b2jDrra&code=4%2F0AQSTgQE_de3x7jjkX9vpw-Ew5zOnU6pC90ds7po2IrRzYOhWrN2NfQAX4xrVVmmy2ZtXFQ&scope=https%3A%2F%2Fwww.googleapis.com%2Fauth%2Fclassroom.coursework.me+https%3A%2F%2Fwww.googleapis.com%2Fauth%2Fclassroom.courses.readonly+https%3A%2F%2Fwww.googleapis.com%2Fauth%2Fdrive.file HTTP/1.1" 200 65
2025-02-28 14:24:29,154 [INFO] __main__: New credentials obtained.
2025-02-28 14:24:29,157 [WARNING] __main__: No refresh token obtained, this may cause issues later.
2025-02-28 14:24:29,158 [INFO] __main__: Credentials saved to token file.
2025-02-28 14:24:29,162 [INFO] googleapiclient.discovery_cache: file_cache is only supported with oauth2client<4.0.0
2025-02-28 14:24:29,169 [INFO] googleapiclient.discovery_cache: file_cache is only supported with oauth2client<4.0.0
2025-02-28 14:24:32,073 [INFO] werkzeug: 127.0.0.1 - - [28/Feb/2025 14:24:32] "GET /assignments/737279641227 HTTP/1.1" 200 -
2025-02-28 14:33:31,539 [INFO] werkzeug:  * Detected change in 'C:\\Users\\openc\\OneDrive\\Pictures\\moxamel\\Education\\app.py', reloading
2025-02-28 14:33:31,884 [INFO] werkzeug:  * Restarting with stat
2025-02-28 14:33:33,950 [WARNING] werkzeug:  * Debugger is active!
2025-02-28 14:33:33,957 [INFO] werkzeug:  * Debugger PIN: 170-763-050
2025-02-28 14:34:17,195 [WARNING] __main__: No refresh token found in token.json.
2025-02-28 14:34:17,195 [INFO] __main__: No valid credentials found.
2025-02-28 14:34:17,196 [INFO] __main__: No credentials found, redirecting to /auth.
2025-02-28 14:34:17,198 [INFO] werkzeug: 127.0.0.1 - - [28/Feb/2025 14:34:17] "[32mGET / HTTP/1.1[0m" 302 -
2025-02-28 14:34:17,212 [INFO] __main__: Redirecting to authorization URL: https://accounts.google.com/o/oauth2/auth?response_type=code&client_id=349751729959-0rqesorn1i8b2db1aip8fnio1chs2b40.apps.googleusercontent.com&redirect_uri=http%3A%2F%2F127.0.0.1%3A5000%2Foauth2callback&scope=https%3A%2F%2Fwww.googleapis.com%2Fauth%2Fclassroom.coursework.me+https%3A%2F%2Fwww.googleapis.com%2Fauth%2Fdrive.file+https%3A%2F%2Fwww.googleapis.com%2Fauth%2Fclassroom.courses.readonly&state=BYxitNdT5RviojMuLy5mTjayDJaH6s&access_type=offline&prompt=consent
2025-02-28 14:34:17,221 [INFO] werkzeug: 127.0.0.1 - - [28/Feb/2025 14:34:17] "[32mGET /auth HTTP/1.1[0m" 302 -
2025-02-28 17:43:15,652 [INFO] werkzeug: [31m[1mWARNING: This is a development server. Do not use it in a production deployment. Use a production WSGI server instead.[0m
 * Running on http://127.0.0.1:5000
2025-02-28 17:43:15,654 [INFO] werkzeug: [33mPress CTRL+C to quit[0m
2025-02-28 17:43:15,658 [INFO] werkzeug:  * Restarting with stat
2025-02-28 17:43:17,312 [WARNING] werkzeug:  * Debugger is active!
2025-02-28 17:43:17,329 [INFO] werkzeug:  * Debugger PIN: 170-763-050
2025-02-28 17:43:22,273 [WARNING] __main__: No refresh token found in token.json.
2025-02-28 17:43:22,286 [INFO] __main__: No valid credentials found.
2025-02-28 17:43:22,288 [INFO] __main__: No credentials found, redirecting to /auth.
2025-02-28 17:43:22,291 [INFO] werkzeug: 127.0.0.1 - - [28/Feb/2025 17:43:22] "[32mGET / HTTP/1.1[0m" 302 -
2025-02-28 17:43:22,303 [INFO] __main__: Redirecting to authorization URL: https://accounts.google.com/o/oauth2/auth?response_type=code&client_id=377006442498-1ekutlo3pd071760fl15i7bbqb7he3ub.apps.googleusercontent.com&redirect_uri=http%3A%2F%2F127.0.0.1%3A5000%2Foauth2callback&scope=https%3A%2F%2Fwww.googleapis.com%2Fauth%2Fclassroom.coursework.me+https%3A%2F%2Fwww.googleapis.com%2Fauth%2Fdrive.file+https%3A%2F%2Fwww.googleapis.com%2Fauth%2Fclassroom.courses.readonly&state=f7C7M2T03FNHgIVwnsrsLjJMOhl8Ej&access_type=offline&prompt=consent
2025-02-28 17:43:22,305 [INFO] werkzeug: 127.0.0.1 - - [28/Feb/2025 17:43:22] "[32mGET /auth HTTP/1.1[0m" 302 -
2025-02-28 17:43:50,119 [INFO] werkzeug:  * Detected change in 'C:\\Users\\openc\\OneDrive\\Pictures\\moxamel\\Education\\app.py', reloading
2025-02-28 17:43:50,311 [INFO] werkzeug:  * Restarting with stat
2025-02-28 17:43:52,342 [WARNING] werkzeug:  * Debugger is active!
2025-02-28 17:43:52,349 [INFO] werkzeug:  * Debugger PIN: 170-763-050
2025-02-28 17:44:07,001 [INFO] __main__: Checking if token file exists at: C:\Users\openc\OneDrive\Pictures\moxamel\Education\token.json
2025-02-28 17:44:07,002 [INFO] __main__: Token file exists. Attempting to load credentials from token file.
2025-02-28 17:44:07,003 [WARNING] __main__: Refresh token not found in token file. Deleting token file.
2025-02-28 17:44:07,006 [ERROR] __main__: Error deleting token file: [WinError 32] The process cannot access the file because it is being used by another process: 'C:\\Users\\openc\\OneDrive\\Pictures\\moxamel\\Education\\token.json'
2025-02-28 17:44:07,019 [INFO] __main__: Credentials not found or invalid. Attempting to refresh or obtain new credentials.
2025-02-28 17:44:07,022 [INFO] __main__: No valid credentials or refresh token. Running installed app flow to obtain new credentials.
2025-02-28 17:44:07,025 [INFO] __main__: Authorization URL: https://accounts.google.com/o/oauth2/auth?response_type=code&client_id=377006442498-1ekutlo3pd071760fl15i7bbqb7he3ub.apps.googleusercontent.com&redirect_uri=http%3A%2F%2Flocalhost%3A8080%2F&scope=https%3A%2F%2Fwww.googleapis.com%2Fauth%2Fclassroom.coursework.me+https%3A%2F%2Fwww.googleapis.com%2Fauth%2Fdrive.file+https%3A%2F%2Fwww.googleapis.com%2Fauth%2Fclassroom.courses.readonly&state=fVEFSaMPypbPtgxGdKE4rWYE2GXv05&access_type=offline&prompt=consent
2025-02-28 17:44:11,108 [INFO] werkzeug: 127.0.0.1 - - [28/Feb/2025 17:44:11] "[35m[1mGET / HTTP/1.1[0m" 500 -
2025-02-28 17:44:11,248 [INFO] werkzeug: 127.0.0.1 - - [28/Feb/2025 17:44:11] "[36mGET /?__debugger__=yes&cmd=resource&f=debugger.js HTTP/1.1[0m" 304 -
2025-02-28 17:44:11,248 [INFO] werkzeug: 127.0.0.1 - - [28/Feb/2025 17:44:11] "[36mGET /?__debugger__=yes&cmd=resource&f=style.css HTTP/1.1[0m" 304 -
2025-02-28 17:44:11,322 [INFO] werkzeug: 127.0.0.1 - - [28/Feb/2025 17:44:11] "GET /?__debugger__=yes&cmd=resource&f=console.png&s=shjWQ24zpA2HOErzDxwF HTTP/1.1" 200 -
2025-02-28 17:44:11,380 [INFO] werkzeug: 127.0.0.1 - - [28/Feb/2025 17:44:11] "[36mGET /?__debugger__=yes&cmd=resource&f=console.png HTTP/1.1[0m" 304 -
2025-02-28 18:22:15,250 [INFO] __main__: Checking if token file exists at: C:\Users\openc\OneDrive\Pictures\moxamel\Education\token.json
2025-02-28 18:22:15,276 [INFO] __main__: Token file exists. Attempting to load credentials from token file.
2025-02-28 18:22:15,288 [WARNING] __main__: Refresh token not found in token file. Deleting token file.
2025-02-28 18:22:15,291 [ERROR] __main__: Error deleting token file: [WinError 32] The process cannot access the file because it is being used by another process: 'C:\\Users\\openc\\OneDrive\\Pictures\\moxamel\\Education\\token.json'
2025-02-28 18:22:15,292 [INFO] __main__: Credentials not found or invalid. Attempting to refresh or obtain new credentials.
2025-02-28 18:22:15,294 [INFO] __main__: No valid credentials or refresh token. Running installed app flow to obtain new credentials.
2025-02-28 18:22:15,320 [INFO] __main__: Authorization URL: https://accounts.google.com/o/oauth2/auth?response_type=code&client_id=377006442498-1ekutlo3pd071760fl15i7bbqb7he3ub.apps.googleusercontent.com&redirect_uri=http%3A%2F%2Flocalhost%3A8080%2F&scope=https%3A%2F%2Fwww.googleapis.com%2Fauth%2Fclassroom.coursework.me+https%3A%2F%2Fwww.googleapis.com%2Fauth%2Fdrive.file+https%3A%2F%2Fwww.googleapis.com%2Fauth%2Fclassroom.courses.readonly&state=USwJV4J6pVKKCt83bXdUvsSBXXqBLs&access_type=offline&prompt=consent
2025-02-28 18:22:19,996 [INFO] google_auth_oauthlib.flow: "GET /?state=GPpJQ2RBMfKKjL7Rvp2O1URmy0zGZG&code=4/0AQSTgQF7Zq0wvdaCvtVJe4fIbGHk2ap9dj78B8I3-Mw2PypB7DfHQyHlVr-lI3TRpgz3aA&scope=https://www.googleapis.com/auth/drive.file%20https://www.googleapis.com/auth/classroom.coursework.me%20https://www.googleapis.com/auth/classroom.courses.readonly HTTP/1.1" 200 65
2025-02-28 18:22:20,369 [INFO] werkzeug: 127.0.0.1 - - [28/Feb/2025 18:22:20] "[35m[1mGET / HTTP/1.1[0m" 500 -
2025-02-28 18:22:20,428 [INFO] werkzeug: 127.0.0.1 - - [28/Feb/2025 18:22:20] "[36mGET /?__debugger__=yes&cmd=resource&f=style.css HTTP/1.1[0m" 304 -
2025-02-28 18:22:20,431 [INFO] werkzeug: 127.0.0.1 - - [28/Feb/2025 18:22:20] "[36mGET /?__debugger__=yes&cmd=resource&f=debugger.js HTTP/1.1[0m" 304 -
2025-02-28 18:22:20,466 [INFO] werkzeug: 127.0.0.1 - - [28/Feb/2025 18:22:20] "[36mGET /?__debugger__=yes&cmd=resource&f=console.png&s=shjWQ24zpA2HOErzDxwF HTTP/1.1[0m" 304 -
2025-02-28 18:22:30,105 [INFO] werkzeug: [31m[1mWARNING: This is a development server. Do not use it in a production deployment. Use a production WSGI server instead.[0m
 * Running on http://127.0.0.1:5000
2025-02-28 18:22:30,108 [INFO] werkzeug: [33mPress CTRL+C to quit[0m
2025-02-28 18:22:30,110 [INFO] werkzeug:  * Restarting with stat
2025-02-28 18:22:31,592 [WARNING] werkzeug:  * Debugger is active!
2025-02-28 18:22:31,603 [INFO] werkzeug:  * Debugger PIN: 170-763-050
2025-02-28 18:22:42,020 [INFO] __main__: Checking if token file exists at: C:\Users\openc\OneDrive\Pictures\moxamel\Education\token.json
2025-02-28 18:22:42,034 [INFO] __main__: Token file exists. Attempting to load credentials from token file.
2025-02-28 18:22:42,040 [WARNING] __main__: Refresh token not found in token file. Deleting token file.
2025-02-28 18:22:42,117 [ERROR] __main__: Error deleting token file: [WinError 32] The process cannot access the file because it is being used by another process: 'C:\\Users\\openc\\OneDrive\\Pictures\\moxamel\\Education\\token.json'
2025-02-28 18:22:42,124 [INFO] __main__: Credentials not found or invalid. Attempting to refresh or obtain new credentials.
2025-02-28 18:22:42,310 [INFO] __main__: No valid credentials or refresh token. Running installed app flow to obtain new credentials.
2025-02-28 18:22:42,429 [INFO] __main__: Authorization URL: https://accounts.google.com/o/oauth2/auth?response_type=code&client_id=377006442498-1ekutlo3pd071760fl15i7bbqb7he3ub.apps.googleusercontent.com&redirect_uri=http%3A%2F%2Flocalhost%3A8080%2F&scope=https%3A%2F%2Fwww.googleapis.com%2Fauth%2Fclassroom.coursework.me+https%3A%2F%2Fwww.googleapis.com%2Fauth%2Fdrive.file+https%3A%2F%2Fwww.googleapis.com%2Fauth%2Fclassroom.courses.readonly&state=RwVCTZSTJ2vkmaSuCt5Hri0tYCl1Zc&access_type=offline&prompt=consent
2025-02-28 18:22:54,910 [INFO] google_auth_oauthlib.flow: "GET /?state=aydFdOOHJTv0xUrMaq2lL5HG2zTO4s&code=4/0AQSTgQE5Vd0lcUHwbQZxmPgaV_XQMTD67vR5yhskzCGLKb-imYEPIhBDiwInl6FS_gfK3A&scope=https://www.googleapis.com/auth/drive.file%20https://www.googleapis.com/auth/classroom.coursework.me%20https://www.googleapis.com/auth/classroom.courses.readonly HTTP/1.1" 200 65
2025-02-28 18:22:55,231 [INFO] __main__: New credentials obtained.
2025-02-28 18:22:55,234 [INFO] __main__: Credentials saved to token file.
2025-02-28 18:22:55,255 [INFO] googleapiclient.discovery_cache: file_cache is only supported with oauth2client<4.0.0
2025-02-28 18:22:55,275 [INFO] googleapiclient.discovery_cache: file_cache is only supported with oauth2client<4.0.0
2025-02-28 18:22:59,611 [INFO] werkzeug: 127.0.0.1 - - [28/Feb/2025 18:22:59] "GET / HTTP/1.1" 200 -
2025-02-28 18:22:59,794 [INFO] werkzeug: 127.0.0.1 - - [28/Feb/2025 18:22:59] "GET /static/script.js HTTP/1.1" 200 -
2025-02-28 18:22:59,796 [INFO] werkzeug: 127.0.0.1 - - [28/Feb/2025 18:22:59] "GET /static/style.css HTTP/1.1" 200 -
2025-02-28 18:22:59,883 [INFO] __main__: Checking if token file exists at: C:\Users\openc\OneDrive\Pictures\moxamel\Education\token.json
2025-02-28 18:22:59,885 [INFO] __main__: Token file exists. Attempting to load credentials from token file.
2025-02-28 18:22:59,905 [INFO] __main__: Valid credentials found.
2025-02-28 18:22:59,916 [INFO] googleapiclient.discovery_cache: file_cache is only supported with oauth2client<4.0.0
2025-02-28 18:22:59,935 [INFO] googleapiclient.discovery_cache: file_cache is only supported with oauth2client<4.0.0
2025-02-28 18:23:02,432 [INFO] werkzeug: 127.0.0.1 - - [28/Feb/2025 18:23:02] "GET /courses HTTP/1.1" 200 -
2025-02-28 18:23:06,887 [INFO] __main__: Checking if token file exists at: C:\Users\openc\OneDrive\Pictures\moxamel\Education\token.json
2025-02-28 18:23:06,888 [INFO] __main__: Token file exists. Attempting to load credentials from token file.
2025-02-28 18:23:06,890 [INFO] __main__: Valid credentials found.
2025-02-28 18:23:06,894 [INFO] googleapiclient.discovery_cache: file_cache is only supported with oauth2client<4.0.0
2025-02-28 18:23:06,910 [INFO] googleapiclient.discovery_cache: file_cache is only supported with oauth2client<4.0.0
2025-02-28 18:23:11,331 [INFO] werkzeug: 127.0.0.1 - - [28/Feb/2025 18:23:11] "GET /assignments/707248321624 HTTP/1.1" 200 -
2025-02-28 18:23:23,208 [INFO] __main__: Checking if token file exists at: C:\Users\openc\OneDrive\Pictures\moxamel\Education\token.json
2025-02-28 18:23:23,210 [INFO] __main__: Token file exists. Attempting to load credentials from token file.
2025-02-28 18:23:23,219 [INFO] __main__: Valid credentials found.
2025-02-28 18:23:23,236 [INFO] googleapiclient.discovery_cache: file_cache is only supported with oauth2client<4.0.0
2025-02-28 18:23:23,255 [INFO] googleapiclient.discovery_cache: file_cache is only supported with oauth2client<4.0.0
2025-02-28 18:23:26,384 [INFO] werkzeug: 127.0.0.1 - - [28/Feb/2025 18:23:26] "GET /assignments/737279641227 HTTP/1.1" 200 -
2025-02-28 18:25:05,762 [INFO] __main__: Checking if token file exists at: C:\Users\openc\OneDrive\Pictures\moxamel\Education\token.json
2025-02-28 18:25:05,764 [INFO] __main__: Token file exists. Attempting to load credentials from token file.
2025-02-28 18:25:05,767 [INFO] __main__: Valid credentials found.
2025-02-28 18:25:05,775 [INFO] googleapiclient.discovery_cache: file_cache is only supported with oauth2client<4.0.0
2025-02-28 18:25:05,812 [INFO] googleapiclient.discovery_cache: file_cache is only supported with oauth2client<4.0.0
2025-02-28 18:25:08,273 [INFO] werkzeug: 127.0.0.1 - - [28/Feb/2025 18:25:08] "GET /assignments/733656386212 HTTP/1.1" 200 -
2025-02-28 18:25:17,037 [INFO] __main__: Checking if token file exists at: C:\Users\openc\OneDrive\Pictures\moxamel\Education\token.json
2025-02-28 18:25:17,040 [INFO] __main__: Token file exists. Attempting to load credentials from token file.
2025-02-28 18:25:17,042 [INFO] __main__: Valid credentials found.
2025-02-28 18:25:17,046 [INFO] googleapiclient.discovery_cache: file_cache is only supported with oauth2client<4.0.0
2025-02-28 18:25:17,059 [INFO] googleapiclient.discovery_cache: file_cache is only supported with oauth2client<4.0.0
2025-02-28 18:25:21,685 [INFO] werkzeug: 127.0.0.1 - - [28/Feb/2025 18:25:21] "GET /assignments/704075784120 HTTP/1.1" 200 -
2025-02-28 18:27:56,115 [INFO] __main__: Checking if token file exists at: C:\Users\openc\OneDrive\Pictures\moxamel\Education\token.json
2025-02-28 18:27:56,119 [INFO] __main__: Token file exists. Attempting to load credentials from token file.
2025-02-28 18:27:56,123 [INFO] __main__: Valid credentials found.
2025-02-28 18:27:56,134 [INFO] googleapiclient.discovery_cache: file_cache is only supported with oauth2client<4.0.0
2025-02-28 18:27:56,146 [INFO] googleapiclient.discovery_cache: file_cache is only supported with oauth2client<4.0.0
2025-02-28 18:27:58,999 [INFO] werkzeug: 127.0.0.1 - - [28/Feb/2025 18:27:58] "GET /assignments/733589825939 HTTP/1.1" 200 -
2025-02-28 18:28:25,681 [INFO] __main__: Checking if token file exists at: C:\Users\openc\OneDrive\Pictures\moxamel\Education\token.json
2025-02-28 18:28:25,683 [INFO] __main__: Token file exists. Attempting to load credentials from token file.
2025-02-28 18:28:25,686 [INFO] __main__: Valid credentials found.
2025-02-28 18:28:25,691 [INFO] googleapiclient.discovery_cache: file_cache is only supported with oauth2client<4.0.0
2025-02-28 18:28:25,704 [INFO] googleapiclient.discovery_cache: file_cache is only supported with oauth2client<4.0.0
2025-02-28 18:28:28,872 [INFO] werkzeug: 127.0.0.1 - - [28/Feb/2025 18:28:28] "GET /assignments/737279641227 HTTP/1.1" 200 -
2025-02-28 18:29:20,652 [INFO] __main__: Checking if token file exists at: C:\Users\openc\OneDrive\Pictures\moxamel\Education\token.json
2025-02-28 18:29:20,653 [INFO] __main__: Token file exists. Attempting to load credentials from token file.
2025-02-28 18:29:20,654 [INFO] __main__: Valid credentials found.
2025-02-28 18:29:20,657 [INFO] googleapiclient.discovery_cache: file_cache is only supported with oauth2client<4.0.0
2025-02-28 18:29:20,673 [INFO] googleapiclient.discovery_cache: file_cache is only supported with oauth2client<4.0.0
2025-02-28 18:29:25,387 [INFO] werkzeug: 127.0.0.1 - - [28/Feb/2025 18:29:25] "[35m[1mPOST /submit HTTP/1.1[0m" 500 -
2025-02-28 18:29:25,401 [INFO] __main__: Checking if token file exists at: C:\Users\openc\OneDrive\Pictures\moxamel\Education\token.json
2025-02-28 18:29:25,402 [INFO] __main__: Token file exists. Attempting to load credentials from token file.
2025-02-28 18:29:25,403 [INFO] __main__: Valid credentials found.
2025-02-28 18:29:25,406 [INFO] googleapiclient.discovery_cache: file_cache is only supported with oauth2client<4.0.0
2025-02-28 18:29:25,426 [INFO] googleapiclient.discovery_cache: file_cache is only supported with oauth2client<4.0.0
2025-02-28 18:29:27,665 [INFO] werkzeug: 127.0.0.1 - - [28/Feb/2025 18:29:27] "GET /assignments/737279641227 HTTP/1.1" 200 -
2025-02-28 18:34:48,166 [INFO] __main__: Deleted existing token.json to force re-authentication.
2025-02-28 18:34:49,315 [INFO] google_auth_oauthlib.flow: "GET /?state=UZcALLfMs1eRszDKgPS2U7swyh5LKQ&code=4%2F0AQSTgQFIwQkIb4Rw5ozge74ibM1cUeaUgUspiCNvGRRPMn4dkVKcaYIyvpEC1tauFQ389Q&scope=https%3A%2F%2Fwww.googleapis.com%2Fauth%2Fclassroom.courses.readonly+https%3A%2F%2Fwww.googleapis.com%2Fauth%2Fclassroom.coursework.me+https%3A%2F%2Fwww.googleapis.com%2Fauth%2Fdrive.file HTTP/1.1" 200 65
2025-02-28 18:34:49,636 [INFO] __main__: Credentials saved with refresh token.
2025-02-28 18:34:49,648 [INFO] werkzeug: 127.0.0.1 - - [28/Feb/2025 18:34:49] "[32mGET /auth HTTP/1.1[0m" 302 -
2025-02-28 18:34:49,660 [INFO] __main__: Checking if token file exists at: C:\Users\openc\OneDrive\Pictures\moxamel\Education\token.json
2025-02-28 18:34:49,661 [INFO] __main__: Token file exists. Attempting to load credentials from token file.
2025-02-28 18:34:49,737 [WARNING] __main__: Refresh token not found in token file. Deleting token file.
2025-02-28 18:34:49,742 [ERROR] __main__: Error deleting token file: [WinError 32] The process cannot access the file because it is being used by another process: 'C:\\Users\\openc\\OneDrive\\Pictures\\moxamel\\Education\\token.json'
2025-02-28 18:34:49,743 [INFO] __main__: Credentials not found or invalid. Attempting to refresh or obtain new credentials.
2025-02-28 18:34:49,744 [INFO] __main__: No valid credentials or refresh token. Running installed app flow to obtain new credentials.
2025-02-28 18:34:49,751 [INFO] __main__: Authorization URL: https://accounts.google.com/o/oauth2/auth?response_type=code&client_id=377006442498-1ekutlo3pd071760fl15i7bbqb7he3ub.apps.googleusercontent.com&redirect_uri=http%3A%2F%2Flocalhost%3A8080%2F&scope=https%3A%2F%2Fwww.googleapis.com%2Fauth%2Fclassroom.coursework.me+https%3A%2F%2Fwww.googleapis.com%2Fauth%2Fdrive.file+https%3A%2F%2Fwww.googleapis.com%2Fauth%2Fclassroom.courses.readonly&state=RWJ5aJJyNV0xRjbGzkwaGJml41zYSE&access_type=offline&prompt=consent
2025-02-28 18:34:50,384 [INFO] google_auth_oauthlib.flow: "GET /?state=2WCGG2xIn2Efa4lP0Y4DYJto0m4d8j&code=4%2F0AQSTgQGM9oiAO0bJknra1BFeBOG44FnNlhVmpelo8eddagJK4yt9BbIyVou-BTbuhrCqaA&scope=https%3A%2F%2Fwww.googleapis.com%2Fauth%2Fclassroom.courses.readonly+https%3A%2F%2Fwww.googleapis.com%2Fauth%2Fclassroom.coursework.me+https%3A%2F%2Fwww.googleapis.com%2Fauth%2Fdrive.file HTTP/1.1" 200 65
2025-02-28 18:34:50,659 [INFO] __main__: New credentials obtained.
2025-02-28 18:34:50,659 [WARNING] __main__: No refresh token obtained, this may cause issues later.
2025-02-28 18:34:50,662 [INFO] __main__: Credentials saved to token file.
2025-02-28 18:34:50,682 [INFO] googleapiclient.discovery_cache: file_cache is only supported with oauth2client<4.0.0
2025-02-28 18:34:50,702 [INFO] googleapiclient.discovery_cache: file_cache is only supported with oauth2client<4.0.0
2025-02-28 18:34:53,401 [INFO] werkzeug: 127.0.0.1 - - [28/Feb/2025 18:34:53] "GET / HTTP/1.1" 200 -
2025-02-28 18:34:53,463 [INFO] werkzeug: 127.0.0.1 - - [28/Feb/2025 18:34:53] "[36mGET /static/style.css HTTP/1.1[0m" 304 -
2025-02-28 18:34:53,463 [INFO] werkzeug: 127.0.0.1 - - [28/Feb/2025 18:34:53] "[36mGET /static/script.js HTTP/1.1[0m" 304 -
2025-02-28 18:34:53,502 [INFO] __main__: Checking if token file exists at: C:\Users\openc\OneDrive\Pictures\moxamel\Education\token.json
2025-02-28 18:34:53,504 [INFO] __main__: Token file exists. Attempting to load credentials from token file.
2025-02-28 18:34:53,551 [WARNING] __main__: Refresh token not found in token file. Deleting token file.
2025-02-28 18:34:53,561 [ERROR] __main__: Error deleting token file: [WinError 32] The process cannot access the file because it is being used by another process: 'C:\\Users\\openc\\OneDrive\\Pictures\\moxamel\\Education\\token.json'
2025-02-28 18:34:53,572 [INFO] __main__: Credentials not found or invalid. Attempting to refresh or obtain new credentials.
2025-02-28 18:34:53,577 [INFO] __main__: No valid credentials or refresh token. Running installed app flow to obtain new credentials.
2025-02-28 18:34:53,588 [INFO] __main__: Authorization URL: https://accounts.google.com/o/oauth2/auth?response_type=code&client_id=377006442498-1ekutlo3pd071760fl15i7bbqb7he3ub.apps.googleusercontent.com&redirect_uri=http%3A%2F%2Flocalhost%3A8080%2F&scope=https%3A%2F%2Fwww.googleapis.com%2Fauth%2Fclassroom.coursework.me+https%3A%2F%2Fwww.googleapis.com%2Fauth%2Fdrive.file+https%3A%2F%2Fwww.googleapis.com%2Fauth%2Fclassroom.courses.readonly&state=Ob9GrbiiSqGZksifJbc5KXHeb4n13X&access_type=offline&prompt=consent
2025-02-28 18:34:54,518 [INFO] google_auth_oauthlib.flow: "GET /?state=T2BtXRzsuuZv5nrCAUUx9kh1MO3fcZ&code=4%2F0AQSTgQFNEm_0lMdrI0maw8MLQ_dCFkpqYMLoEgSvFMWvkznnbXftMwmK2FcVknGT-Gdy9g&scope=https%3A%2F%2Fwww.googleapis.com%2Fauth%2Fclassroom.coursework.me+https%3A%2F%2Fwww.googleapis.com%2Fauth%2Fdrive.file+https%3A%2F%2Fwww.googleapis.com%2Fauth%2Fclassroom.courses.readonly HTTP/1.1" 200 65
2025-02-28 18:34:55,384 [INFO] __main__: New credentials obtained.
2025-02-28 18:34:55,521 [WARNING] __main__: No refresh token obtained, this may cause issues later.
2025-02-28 18:34:55,541 [INFO] __main__: Credentials saved to token file.
2025-02-28 18:34:55,676 [INFO] googleapiclient.discovery_cache: file_cache is only supported with oauth2client<4.0.0
2025-02-28 18:34:55,770 [INFO] googleapiclient.discovery_cache: file_cache is only supported with oauth2client<4.0.0
2025-02-28 18:34:58,649 [INFO] werkzeug: 127.0.0.1 - - [28/Feb/2025 18:34:58] "GET /courses HTTP/1.1" 200 -
2025-02-28 18:37:14,349 [INFO] __main__: Checking if token file exists at: C:\Users\openc\OneDrive\Pictures\moxamel\Education\token.json
2025-02-28 18:37:14,351 [INFO] __main__: Token file exists. Attempting to load credentials from token file.
2025-02-28 18:37:14,353 [WARNING] __main__: Refresh token not found in token file. Deleting token file.
2025-02-28 18:37:14,358 [ERROR] __main__: Error deleting token file: [WinError 32] The process cannot access the file because it is being used by another process: 'C:\\Users\\openc\\OneDrive\\Pictures\\moxamel\\Education\\token.json'
2025-02-28 18:37:14,364 [INFO] __main__: Credentials not found or invalid. Attempting to refresh or obtain new credentials.
2025-02-28 18:37:14,369 [INFO] __main__: No valid credentials or refresh token. Running installed app flow to obtain new credentials.
2025-02-28 18:37:14,373 [INFO] __main__: Authorization URL: https://accounts.google.com/o/oauth2/auth?response_type=code&client_id=377006442498-1ekutlo3pd071760fl15i7bbqb7he3ub.apps.googleusercontent.com&redirect_uri=http%3A%2F%2Flocalhost%3A8080%2F&scope=https%3A%2F%2Fwww.googleapis.com%2Fauth%2Fclassroom.coursework.me+https%3A%2F%2Fwww.googleapis.com%2Fauth%2Fdrive.file+https%3A%2F%2Fwww.googleapis.com%2Fauth%2Fclassroom.courses.readonly&state=NgzOY3resAXBoGrsVUThLRhWyk4hL3&access_type=offline&prompt=consent
2025-02-28 18:37:15,212 [INFO] google_auth_oauthlib.flow: "GET /?state=rm2IKsByyBq9CpNt0nxxTyAW5iFve1&code=4%2F0AQSTgQEu0GtZJiBvt7AGTP5BdZtzxVXNXMtGfOyYypwxM0tkZGAAfPXSw697WXpQa_WGfQ&scope=https%3A%2F%2Fwww.googleapis.com%2Fauth%2Fclassroom.courses.readonly+https%3A%2F%2Fwww.googleapis.com%2Fauth%2Fclassroom.coursework.me+https%3A%2F%2Fwww.googleapis.com%2Fauth%2Fdrive.file HTTP/1.1" 200 65
2025-02-28 18:37:15,418 [INFO] __main__: New credentials obtained.
2025-02-28 18:37:15,419 [WARNING] __main__: No refresh token obtained, this may cause issues later.
2025-02-28 18:37:15,421 [INFO] __main__: Credentials saved to token file.
2025-02-28 18:37:15,462 [INFO] googleapiclient.discovery_cache: file_cache is only supported with oauth2client<4.0.0
2025-02-28 18:37:15,511 [INFO] googleapiclient.discovery_cache: file_cache is only supported with oauth2client<4.0.0
2025-02-28 18:37:18,893 [INFO] werkzeug: 127.0.0.1 - - [28/Feb/2025 18:37:18] "GET /assignments/745936555771 HTTP/1.1" 200 -
2025-02-28 18:37:23,348 [INFO] __main__: Checking if token file exists at: C:\Users\openc\OneDrive\Pictures\moxamel\Education\token.json
2025-02-28 18:37:23,356 [INFO] __main__: Token file exists. Attempting to load credentials from token file.
2025-02-28 18:37:23,365 [WARNING] __main__: Refresh token not found in token file. Deleting token file.
2025-02-28 18:37:23,369 [ERROR] __main__: Error deleting token file: [WinError 32] The process cannot access the file because it is being used by another process: 'C:\\Users\\openc\\OneDrive\\Pictures\\moxamel\\Education\\token.json'
2025-02-28 18:37:23,373 [INFO] __main__: Credentials not found or invalid. Attempting to refresh or obtain new credentials.
2025-02-28 18:37:23,376 [INFO] __main__: No valid credentials or refresh token. Running installed app flow to obtain new credentials.
2025-02-28 18:37:23,386 [INFO] __main__: Authorization URL: https://accounts.google.com/o/oauth2/auth?response_type=code&client_id=377006442498-1ekutlo3pd071760fl15i7bbqb7he3ub.apps.googleusercontent.com&redirect_uri=http%3A%2F%2Flocalhost%3A8080%2F&scope=https%3A%2F%2Fwww.googleapis.com%2Fauth%2Fclassroom.coursework.me+https%3A%2F%2Fwww.googleapis.com%2Fauth%2Fdrive.file+https%3A%2F%2Fwww.googleapis.com%2Fauth%2Fclassroom.courses.readonly&state=sLzGLOgpHjPBDWmMQKVXgrMPIvH22l&access_type=offline&prompt=consent
2025-02-28 18:37:24,251 [INFO] google_auth_oauthlib.flow: "GET /?state=VpAL53TtefjcaW2MtQivJ27mLjdL8a&code=4%2F0AQSTgQFHYmobsQd-uv6lnaHtbVyvgbfBZRSPWko3sFXNEv7_KA8nnAce7biu6kM59ra0nQ&scope=https%3A%2F%2Fwww.googleapis.com%2Fauth%2Fclassroom.coursework.me+https%3A%2F%2Fwww.googleapis.com%2Fauth%2Fdrive.file+https%3A%2F%2Fwww.googleapis.com%2Fauth%2Fclassroom.courses.readonly HTTP/1.1" 200 65
2025-02-28 18:37:24,514 [INFO] __main__: New credentials obtained.
2025-02-28 18:37:24,516 [WARNING] __main__: No refresh token obtained, this may cause issues later.
2025-02-28 18:37:24,516 [INFO] __main__: Credentials saved to token file.
2025-02-28 18:37:24,523 [INFO] googleapiclient.discovery_cache: file_cache is only supported with oauth2client<4.0.0
2025-02-28 18:37:24,532 [INFO] googleapiclient.discovery_cache: file_cache is only supported with oauth2client<4.0.0
2025-02-28 18:37:27,807 [INFO] werkzeug: 127.0.0.1 - - [28/Feb/2025 18:37:27] "GET /assignments/733742266435 HTTP/1.1" 200 -
2025-02-28 18:37:44,328 [INFO] __main__: Checking if token file exists at: C:\Users\openc\OneDrive\Pictures\moxamel\Education\token.json
2025-02-28 18:37:44,330 [INFO] __main__: Token file exists. Attempting to load credentials from token file.
2025-02-28 18:37:44,332 [WARNING] __main__: Refresh token not found in token file. Deleting token file.
2025-02-28 18:37:44,333 [ERROR] __main__: Error deleting token file: [WinError 32] The process cannot access the file because it is being used by another process: 'C:\\Users\\openc\\OneDrive\\Pictures\\moxamel\\Education\\token.json'
2025-02-28 18:37:44,335 [INFO] __main__: Credentials not found or invalid. Attempting to refresh or obtain new credentials.
2025-02-28 18:37:44,342 [INFO] __main__: No valid credentials or refresh token. Running installed app flow to obtain new credentials.
2025-02-28 18:37:44,344 [INFO] __main__: Authorization URL: https://accounts.google.com/o/oauth2/auth?response_type=code&client_id=377006442498-1ekutlo3pd071760fl15i7bbqb7he3ub.apps.googleusercontent.com&redirect_uri=http%3A%2F%2Flocalhost%3A8080%2F&scope=https%3A%2F%2Fwww.googleapis.com%2Fauth%2Fclassroom.coursework.me+https%3A%2F%2Fwww.googleapis.com%2Fauth%2Fdrive.file+https%3A%2F%2Fwww.googleapis.com%2Fauth%2Fclassroom.courses.readonly&state=Sd1ofCd0OuOOh7GfGUkBWEULrOxSnw&access_type=offline&prompt=consent
2025-02-28 18:37:44,852 [INFO] google_auth_oauthlib.flow: "GET /?state=mbQAyossf0Hpv8nK4tx7LC1vnU09RW&code=4%2F0AQSTgQEGXdMUQRU-wFrALPflCfKCVY0iVGijQIrPPEmXvAA6mPokH2u0pfMCbfIIc091mA&scope=https%3A%2F%2Fwww.googleapis.com%2Fauth%2Fdrive.file+https%3A%2F%2Fwww.googleapis.com%2Fauth%2Fclassroom.courses.readonly+https%3A%2F%2Fwww.googleapis.com%2Fauth%2Fclassroom.coursework.me HTTP/1.1" 200 65
2025-02-28 18:37:45,078 [INFO] __main__: New credentials obtained.
2025-02-28 18:37:45,079 [WARNING] __main__: No refresh token obtained, this may cause issues later.
2025-02-28 18:37:45,081 [INFO] __main__: Credentials saved to token file.
2025-02-28 18:37:45,095 [INFO] googleapiclient.discovery_cache: file_cache is only supported with oauth2client<4.0.0
2025-02-28 18:37:45,162 [INFO] googleapiclient.discovery_cache: file_cache is only supported with oauth2client<4.0.0
2025-02-28 18:37:47,985 [INFO] werkzeug: 127.0.0.1 - - [28/Feb/2025 18:37:47] "GET / HTTP/1.1" 200 -
2025-02-28 18:37:48,031 [INFO] werkzeug: 127.0.0.1 - - [28/Feb/2025 18:37:48] "[36mGET /static/style.css HTTP/1.1[0m" 304 -
2025-02-28 18:37:48,063 [INFO] werkzeug: 127.0.0.1 - - [28/Feb/2025 18:37:48] "[36mGET /static/script.js HTTP/1.1[0m" 304 -
2025-02-28 18:37:48,177 [INFO] __main__: Checking if token file exists at: C:\Users\openc\OneDrive\Pictures\moxamel\Education\token.json
2025-02-28 18:37:48,179 [INFO] __main__: Token file exists. Attempting to load credentials from token file.
2025-02-28 18:37:48,210 [WARNING] __main__: Refresh token not found in token file. Deleting token file.
2025-02-28 18:37:48,213 [ERROR] __main__: Error deleting token file: [WinError 32] The process cannot access the file because it is being used by another process: 'C:\\Users\\openc\\OneDrive\\Pictures\\moxamel\\Education\\token.json'
2025-02-28 18:37:48,226 [INFO] __main__: Credentials not found or invalid. Attempting to refresh or obtain new credentials.
2025-02-28 18:37:48,228 [INFO] __main__: No valid credentials or refresh token. Running installed app flow to obtain new credentials.
2025-02-28 18:37:48,231 [INFO] __main__: Authorization URL: https://accounts.google.com/o/oauth2/auth?response_type=code&client_id=377006442498-1ekutlo3pd071760fl15i7bbqb7he3ub.apps.googleusercontent.com&redirect_uri=http%3A%2F%2Flocalhost%3A8080%2F&scope=https%3A%2F%2Fwww.googleapis.com%2Fauth%2Fclassroom.coursework.me+https%3A%2F%2Fwww.googleapis.com%2Fauth%2Fdrive.file+https%3A%2F%2Fwww.googleapis.com%2Fauth%2Fclassroom.courses.readonly&state=vX2AK3W588QkYUnZCaGE5KI6jQ8HYf&access_type=offline&prompt=consent
2025-02-28 18:37:48,711 [INFO] google_auth_oauthlib.flow: "GET /?state=YXzxeV4ZWnk5RtuVnITJRBVURg9Ue3&code=4%2F0AQSTgQGusJ9Gl-c4iUGVoyVSG2JsTrxdgLnyNZlz7ZnmQITiaykASL4SQzxdtrJogJd1SA&scope=https%3A%2F%2Fwww.googleapis.com%2Fauth%2Fclassroom.courses.readonly+https%3A%2F%2Fwww.googleapis.com%2Fauth%2Fclassroom.coursework.me+https%3A%2F%2Fwww.googleapis.com%2Fauth%2Fdrive.file HTTP/1.1" 200 65
2025-02-28 18:37:48,884 [INFO] __main__: New credentials obtained.
2025-02-28 18:37:48,966 [WARNING] __main__: No refresh token obtained, this may cause issues later.
2025-02-28 18:37:48,968 [INFO] __main__: Credentials saved to token file.
2025-02-28 18:37:48,975 [INFO] googleapiclient.discovery_cache: file_cache is only supported with oauth2client<4.0.0
2025-02-28 18:37:48,981 [INFO] googleapiclient.discovery_cache: file_cache is only supported with oauth2client<4.0.0
2025-02-28 18:37:51,190 [INFO] werkzeug: 127.0.0.1 - - [28/Feb/2025 18:37:51] "GET /courses HTTP/1.1" 200 -
2025-02-28 18:37:53,091 [INFO] __main__: Checking if token file exists at: C:\Users\openc\OneDrive\Pictures\moxamel\Education\token.json
2025-02-28 18:37:53,092 [INFO] __main__: Token file exists. Attempting to load credentials from token file.
2025-02-28 18:37:53,093 [WARNING] __main__: Refresh token not found in token file. Deleting token file.
2025-02-28 18:37:53,093 [ERROR] __main__: Error deleting token file: [WinError 32] The process cannot access the file because it is being used by another process: 'C:\\Users\\openc\\OneDrive\\Pictures\\moxamel\\Education\\token.json'
2025-02-28 18:37:53,094 [INFO] __main__: Credentials not found or invalid. Attempting to refresh or obtain new credentials.
2025-02-28 18:37:53,094 [INFO] __main__: No valid credentials or refresh token. Running installed app flow to obtain new credentials.
2025-02-28 18:37:53,095 [INFO] __main__: Authorization URL: https://accounts.google.com/o/oauth2/auth?response_type=code&client_id=377006442498-1ekutlo3pd071760fl15i7bbqb7he3ub.apps.googleusercontent.com&redirect_uri=http%3A%2F%2Flocalhost%3A8080%2F&scope=https%3A%2F%2Fwww.googleapis.com%2Fauth%2Fclassroom.coursework.me+https%3A%2F%2Fwww.googleapis.com%2Fauth%2Fdrive.file+https%3A%2F%2Fwww.googleapis.com%2Fauth%2Fclassroom.courses.readonly&state=7fxWo64yT0NApazdtoKORB5pEpCMPv&access_type=offline&prompt=consent
2025-02-28 18:37:53,556 [INFO] google_auth_oauthlib.flow: "GET /?state=Ox88PaxTrPRPXPNFnkqNbbYJhsfgeB&code=4%2F0AQSTgQFAja5GgSgQrMO_AkJnkvA4PQekReAs0VcUhGR9jq3zUWrw1lxieS-0egZZ4u3x7g&scope=https%3A%2F%2Fwww.googleapis.com%2Fauth%2Fclassroom.courses.readonly+https%3A%2F%2Fwww.googleapis.com%2Fauth%2Fclassroom.coursework.me+https%3A%2F%2Fwww.googleapis.com%2Fauth%2Fdrive.file HTTP/1.1" 200 65
2025-02-28 18:37:53,792 [INFO] __main__: New credentials obtained.
2025-02-28 18:37:53,795 [WARNING] __main__: No refresh token obtained, this may cause issues later.
2025-02-28 18:37:53,795 [INFO] __main__: Credentials saved to token file.
2025-02-28 18:37:53,828 [INFO] googleapiclient.discovery_cache: file_cache is only supported with oauth2client<4.0.0
2025-02-28 18:37:53,872 [INFO] googleapiclient.discovery_cache: file_cache is only supported with oauth2client<4.0.0
2025-02-28 18:37:57,024 [INFO] werkzeug: 127.0.0.1 - - [28/Feb/2025 18:37:57] "GET /assignments/737279641227 HTTP/1.1" 200 -
2025-02-28 18:40:27,876 [INFO] __main__: Deleted existing token.json to force re-authentication.
2025-02-28 18:40:28,395 [INFO] google_auth_oauthlib.flow: "GET /?state=veHSB2CIqicjrn9r7pEjpgGTDO7VhH&code=4%2F0AQSTgQEj6I_g-YmEt9psF8gG2jeCEN7gis_qJsEvwP3l-Tr4hD3qYkznphpGAm3A5KW3Fw&scope=https%3A%2F%2Fwww.googleapis.com%2Fauth%2Fclassroom.courses.readonly+https%3A%2F%2Fwww.googleapis.com%2Fauth%2Fclassroom.coursework.me+https%3A%2F%2Fwww.googleapis.com%2Fauth%2Fdrive.file HTTP/1.1" 200 65
2025-02-28 18:40:28,680 [INFO] __main__: Credentials saved with refresh token.
2025-02-28 18:40:28,683 [INFO] werkzeug: 127.0.0.1 - - [28/Feb/2025 18:40:28] "[32mGET /auth HTTP/1.1[0m" 302 -
2025-02-28 18:40:28,689 [INFO] __main__: Checking if token file exists at: C:\Users\openc\OneDrive\Pictures\moxamel\Education\token.json
2025-02-28 18:40:28,690 [INFO] __main__: Token file exists. Attempting to load credentials from token file.
2025-02-28 18:40:28,706 [WARNING] __main__: Refresh token not found in token file. Deleting token file.
2025-02-28 18:40:28,708 [ERROR] __main__: Error deleting token file: [WinError 32] The process cannot access the file because it is being used by another process: 'C:\\Users\\openc\\OneDrive\\Pictures\\moxamel\\Education\\token.json'
2025-02-28 18:40:28,710 [INFO] __main__: Credentials not found or invalid. Attempting to refresh or obtain new credentials.
2025-02-28 18:40:28,710 [INFO] __main__: No valid credentials or refresh token. Running installed app flow to obtain new credentials.
2025-02-28 18:40:28,712 [INFO] __main__: Authorization URL: https://accounts.google.com/o/oauth2/auth?response_type=code&client_id=377006442498-1ekutlo3pd071760fl15i7bbqb7he3ub.apps.googleusercontent.com&redirect_uri=http%3A%2F%2Flocalhost%3A8080%2F&scope=https%3A%2F%2Fwww.googleapis.com%2Fauth%2Fclassroom.coursework.me+https%3A%2F%2Fwww.googleapis.com%2Fauth%2Fdrive.file+https%3A%2F%2Fwww.googleapis.com%2Fauth%2Fclassroom.courses.readonly&state=9eU6ETDgy4o7ttCRZ6nKHPbixU6mwq&access_type=offline&prompt=consent
2025-02-28 18:40:28,886 [INFO] google_auth_oauthlib.flow: "GET /favicon.ico HTTP/1.1" 200 65
2025-02-28 18:40:28,932 [INFO] werkzeug: 127.0.0.1 - - [28/Feb/2025 18:40:28] "[35m[1mGET / HTTP/1.1[0m" 500 -
2025-02-28 18:40:28,979 [INFO] werkzeug: 127.0.0.1 - - [28/Feb/2025 18:40:28] "[36mGET /?__debugger__=yes&cmd=resource&f=debugger.js HTTP/1.1[0m" 304 -
2025-02-28 18:40:28,980 [INFO] werkzeug: 127.0.0.1 - - [28/Feb/2025 18:40:28] "[36mGET /?__debugger__=yes&cmd=resource&f=style.css HTTP/1.1[0m" 304 -
2025-02-28 18:40:29,032 [INFO] werkzeug: 127.0.0.1 - - [28/Feb/2025 18:40:29] "GET /?__debugger__=yes&cmd=resource&f=console.png&s=drXQ6BbBpYBRNAAsEmMO HTTP/1.1" 200 -
2025-02-28 18:40:29,141 [INFO] werkzeug: 127.0.0.1 - - [28/Feb/2025 18:40:29] "[36mGET /?__debugger__=yes&cmd=resource&f=console.png HTTP/1.1[0m" 304 -
2025-02-28 18:41:04,068 [INFO] werkzeug: [31m[1mWARNING: This is a development server. Do not use it in a production deployment. Use a production WSGI server instead.[0m
 * Running on http://127.0.0.1:5000
2025-02-28 18:41:04,069 [INFO] werkzeug: [33mPress CTRL+C to quit[0m
2025-02-28 18:41:04,071 [INFO] werkzeug:  * Restarting with stat
2025-02-28 18:41:05,410 [WARNING] werkzeug:  * Debugger is active!
2025-02-28 18:41:05,418 [INFO] werkzeug:  * Debugger PIN: 170-763-050
2025-02-28 18:41:07,982 [INFO] __main__: Checking if token file exists at: C:\Users\openc\OneDrive\Pictures\moxamel\Education\token.json
2025-02-28 18:41:07,983 [INFO] __main__: Token file exists. Attempting to load credentials from token file.
2025-02-28 18:41:07,985 [WARNING] __main__: Refresh token not found in token file. Deleting token file.
2025-02-28 18:41:07,985 [ERROR] __main__: Error deleting token file: [WinError 32] The process cannot access the file because it is being used by another process: 'C:\\Users\\openc\\OneDrive\\Pictures\\moxamel\\Education\\token.json'
2025-02-28 18:41:07,986 [INFO] __main__: Credentials not found or invalid. Attempting to refresh or obtain new credentials.
2025-02-28 18:41:07,987 [INFO] __main__: No valid credentials or refresh token. Running installed app flow to obtain new credentials.
2025-02-28 18:41:07,992 [INFO] __main__: Authorization URL: https://accounts.google.com/o/oauth2/auth?response_type=code&client_id=377006442498-1ekutlo3pd071760fl15i7bbqb7he3ub.apps.googleusercontent.com&redirect_uri=http%3A%2F%2Flocalhost%3A8080%2F&scope=https%3A%2F%2Fwww.googleapis.com%2Fauth%2Fclassroom.coursework.me+https%3A%2F%2Fwww.googleapis.com%2Fauth%2Fdrive.file+https%3A%2F%2Fwww.googleapis.com%2Fauth%2Fclassroom.courses.readonly&state=lhKvGj44B709OMPyV8XaGvgkrjDwek&access_type=offline&prompt=consent
2025-02-28 18:41:08,619 [INFO] google_auth_oauthlib.flow: "GET /?state=YyOQsUuO1qUCh5RJZtlJ0exwpRJIEf&code=4%2F0AQSTgQHtVs8MxZNNTUm-Dpnai1B-w85U3oBHoZlvJQdYTlddFiWmNF-v04_F8YrKpO6_cA&scope=https%3A%2F%2Fwww.googleapis.com%2Fauth%2Fclassroom.coursework.me+https%3A%2F%2Fwww.googleapis.com%2Fauth%2Fdrive.file+https%3A%2F%2Fwww.googleapis.com%2Fauth%2Fclassroom.courses.readonly HTTP/1.1" 200 65
2025-02-28 18:41:08,894 [INFO] __main__: New credentials obtained.
2025-02-28 18:41:08,904 [WARNING] __main__: No refresh token obtained, this may cause issues later.
2025-02-28 18:41:08,905 [INFO] __main__: Credentials saved to token file.
2025-02-28 18:41:08,916 [INFO] googleapiclient.discovery_cache: file_cache is only supported with oauth2client<4.0.0
2025-02-28 18:41:08,927 [INFO] googleapiclient.discovery_cache: file_cache is only supported with oauth2client<4.0.0
2025-02-28 18:41:11,130 [INFO] werkzeug: 127.0.0.1 - - [28/Feb/2025 18:41:11] "GET / HTTP/1.1" 200 -
2025-02-28 18:41:11,258 [INFO] werkzeug: 127.0.0.1 - - [28/Feb/2025 18:41:11] "[36mGET /static/style.css HTTP/1.1[0m" 304 -
2025-02-28 18:41:11,262 [INFO] werkzeug: 127.0.0.1 - - [28/Feb/2025 18:41:11] "[36mGET /static/script.js HTTP/1.1[0m" 304 -
2025-02-28 18:41:11,286 [INFO] __main__: Checking if token file exists at: C:\Users\openc\OneDrive\Pictures\moxamel\Education\token.json
2025-02-28 18:41:11,287 [INFO] __main__: Token file exists. Attempting to load credentials from token file.
2025-02-28 18:41:11,288 [WARNING] __main__: Refresh token not found in token file. Deleting token file.
2025-02-28 18:41:11,292 [ERROR] __main__: Error deleting token file: [WinError 32] The process cannot access the file because it is being used by another process: 'C:\\Users\\openc\\OneDrive\\Pictures\\moxamel\\Education\\token.json'
2025-02-28 18:41:11,294 [INFO] __main__: Credentials not found or invalid. Attempting to refresh or obtain new credentials.
2025-02-28 18:41:11,296 [INFO] __main__: No valid credentials or refresh token. Running installed app flow to obtain new credentials.
2025-02-28 18:41:11,303 [INFO] __main__: Authorization URL: https://accounts.google.com/o/oauth2/auth?response_type=code&client_id=377006442498-1ekutlo3pd071760fl15i7bbqb7he3ub.apps.googleusercontent.com&redirect_uri=http%3A%2F%2Flocalhost%3A8080%2F&scope=https%3A%2F%2Fwww.googleapis.com%2Fauth%2Fclassroom.coursework.me+https%3A%2F%2Fwww.googleapis.com%2Fauth%2Fdrive.file+https%3A%2F%2Fwww.googleapis.com%2Fauth%2Fclassroom.courses.readonly&state=O8nXiiUmQotipoyvGLDfrukiSBpLIj&access_type=offline&prompt=consent
2025-02-28 18:41:11,694 [INFO] google_auth_oauthlib.flow: "GET /?state=C5QqqaEgieChXNDRCs2Eg9JJDKxwty&code=4%2F0AQSTgQEajv8lGmcDw76mNcXf_8DlW5ibylV8h5HSXvO5tTZ_XHLlngLLzN4TYyopLDe6PQ&scope=https%3A%2F%2Fwww.googleapis.com%2Fauth%2Fclassroom.courses.readonly+https%3A%2F%2Fwww.googleapis.com%2Fauth%2Fclassroom.coursework.me+https%3A%2F%2Fwww.googleapis.com%2Fauth%2Fdrive.file HTTP/1.1" 200 65
2025-02-28 18:41:11,865 [INFO] __main__: New credentials obtained.
2025-02-28 18:41:11,866 [WARNING] __main__: No refresh token obtained, this may cause issues later.
2025-02-28 18:41:11,867 [INFO] __main__: Credentials saved to token file.
2025-02-28 18:41:11,870 [INFO] googleapiclient.discovery_cache: file_cache is only supported with oauth2client<4.0.0
2025-02-28 18:41:11,882 [INFO] googleapiclient.discovery_cache: file_cache is only supported with oauth2client<4.0.0
2025-02-28 18:41:13,941 [INFO] werkzeug: 127.0.0.1 - - [28/Feb/2025 18:41:13] "GET /courses HTTP/1.1" 200 -
2025-02-28 18:41:19,799 [INFO] __main__: Checking if token file exists at: C:\Users\openc\OneDrive\Pictures\moxamel\Education\token.json
2025-02-28 18:41:19,800 [INFO] __main__: Token file exists. Attempting to load credentials from token file.
2025-02-28 18:41:19,803 [WARNING] __main__: Refresh token not found in token file. Deleting token file.
2025-02-28 18:41:19,804 [ERROR] __main__: Error deleting token file: [WinError 32] The process cannot access the file because it is being used by another process: 'C:\\Users\\openc\\OneDrive\\Pictures\\moxamel\\Education\\token.json'
2025-02-28 18:41:19,809 [INFO] __main__: Credentials not found or invalid. Attempting to refresh or obtain new credentials.
2025-02-28 18:41:19,811 [INFO] __main__: No valid credentials or refresh token. Running installed app flow to obtain new credentials.
2025-02-28 18:41:19,815 [INFO] __main__: Authorization URL: https://accounts.google.com/o/oauth2/auth?response_type=code&client_id=377006442498-1ekutlo3pd071760fl15i7bbqb7he3ub.apps.googleusercontent.com&redirect_uri=http%3A%2F%2Flocalhost%3A8080%2F&scope=https%3A%2F%2Fwww.googleapis.com%2Fauth%2Fclassroom.coursework.me+https%3A%2F%2Fwww.googleapis.com%2Fauth%2Fdrive.file+https%3A%2F%2Fwww.googleapis.com%2Fauth%2Fclassroom.courses.readonly&state=keDq5wkirS3ezPQn2RozpLltkdXrqz&access_type=offline&prompt=consent
2025-02-28 18:41:20,336 [INFO] google_auth_oauthlib.flow: "GET /?state=FGdr42PO2xd3JzH23TpXJRVAMOsuMM&code=4%2F0AQSTgQGsXC3wHNyE350I-H5fn-K_dU8DL8sUtijTfb7XI6HFFXPsdRQqZB6_bZQEgGkatw&scope=https%3A%2F%2Fwww.googleapis.com%2Fauth%2Fclassroom.courses.readonly+https%3A%2F%2Fwww.googleapis.com%2Fauth%2Fdrive.file+https%3A%2F%2Fwww.googleapis.com%2Fauth%2Fclassroom.coursework.me HTTP/1.1" 200 65
2025-02-28 18:41:20,503 [INFO] __main__: New credentials obtained.
2025-02-28 18:41:20,503 [WARNING] __main__: No refresh token obtained, this may cause issues later.
2025-02-28 18:41:20,504 [INFO] __main__: Credentials saved to token file.
2025-02-28 18:41:20,510 [INFO] googleapiclient.discovery_cache: file_cache is only supported with oauth2client<4.0.0
2025-02-28 18:41:20,524 [INFO] googleapiclient.discovery_cache: file_cache is only supported with oauth2client<4.0.0
2025-02-28 18:41:23,732 [INFO] werkzeug: 127.0.0.1 - - [28/Feb/2025 18:41:23] "GET /assignments/737279641227 HTTP/1.1" 200 -
2025-02-28 18:41:57,818 [INFO] __main__: Checking if token file exists at: C:\Users\openc\OneDrive\Pictures\moxamel\Education\token.json
2025-02-28 18:41:57,819 [INFO] __main__: Token file exists. Attempting to load credentials from token file.
2025-02-28 18:41:57,823 [WARNING] __main__: Refresh token not found in token file. Deleting token file.
2025-02-28 18:41:57,825 [ERROR] __main__: Error deleting token file: [WinError 32] The process cannot access the file because it is being used by another process: 'C:\\Users\\openc\\OneDrive\\Pictures\\moxamel\\Education\\token.json'
2025-02-28 18:41:57,828 [INFO] __main__: Credentials not found or invalid. Attempting to refresh or obtain new credentials.
2025-02-28 18:41:57,829 [INFO] __main__: No valid credentials or refresh token. Running installed app flow to obtain new credentials.
2025-02-28 18:41:57,833 [INFO] __main__: Authorization URL: https://accounts.google.com/o/oauth2/auth?response_type=code&client_id=377006442498-1ekutlo3pd071760fl15i7bbqb7he3ub.apps.googleusercontent.com&redirect_uri=http%3A%2F%2Flocalhost%3A8080%2F&scope=https%3A%2F%2Fwww.googleapis.com%2Fauth%2Fclassroom.coursework.me+https%3A%2F%2Fwww.googleapis.com%2Fauth%2Fdrive.file+https%3A%2F%2Fwww.googleapis.com%2Fauth%2Fclassroom.courses.readonly&state=oI7Wfe0vrGBsH9o3wEcby65Isi2fuC&access_type=offline&prompt=consent
2025-02-28 18:41:58,341 [INFO] google_auth_oauthlib.flow: "GET /?state=uAHP5bSgsxcfJM9aVqeDOCiP5kKXZi&code=4%2F0AQSTgQGDGefmbW-XNMRmPjMQU2-N6PyBY4uhszdwmIRS_hIrfXhFJPolPwbsLqNLMxkL2Q&scope=https%3A%2F%2Fwww.googleapis.com%2Fauth%2Fclassroom.coursework.me+https%3A%2F%2Fwww.googleapis.com%2Fauth%2Fclassroom.courses.readonly+https%3A%2F%2Fwww.googleapis.com%2Fauth%2Fdrive.file HTTP/1.1" 200 65
2025-02-28 18:41:58,526 [INFO] __main__: New credentials obtained.
2025-02-28 18:41:58,527 [WARNING] __main__: No refresh token obtained, this may cause issues later.
2025-02-28 18:41:58,530 [INFO] __main__: Credentials saved to token file.
2025-02-28 18:41:58,537 [INFO] googleapiclient.discovery_cache: file_cache is only supported with oauth2client<4.0.0
2025-02-28 18:41:58,571 [INFO] googleapiclient.discovery_cache: file_cache is only supported with oauth2client<4.0.0
2025-02-28 18:42:02,130 [INFO] werkzeug: 127.0.0.1 - - [28/Feb/2025 18:42:02] "GET /assignments/745936555771 HTTP/1.1" 200 -
2025-02-28 19:23:40,291 [INFO] __main__: Checking if token file exists at: C:\Users\openc\OneDrive\Pictures\moxamel\Education\token.json
2025-02-28 19:23:40,318 [INFO] __main__: Token file exists. Attempting to load credentials from token file.
2025-02-28 19:23:40,333 [WARNING] __main__: Refresh token not found in token file. Deleting token file.
2025-02-28 19:23:40,335 [ERROR] __main__: Error deleting token file: [WinError 32] The process cannot access the file because it is being used by another process: 'C:\\Users\\openc\\OneDrive\\Pictures\\moxamel\\Education\\token.json'
2025-02-28 19:23:40,337 [INFO] __main__: Credentials not found or invalid. Attempting to refresh or obtain new credentials.
2025-02-28 19:23:40,337 [INFO] __main__: No valid credentials or refresh token. Running installed app flow to obtain new credentials.
2025-02-28 19:23:40,359 [INFO] __main__: Authorization URL: https://accounts.google.com/o/oauth2/auth?response_type=code&client_id=377006442498-1ekutlo3pd071760fl15i7bbqb7he3ub.apps.googleusercontent.com&redirect_uri=http%3A%2F%2Flocalhost%3A8080%2F&scope=https%3A%2F%2Fwww.googleapis.com%2Fauth%2Fclassroom.coursework.me+https%3A%2F%2Fwww.googleapis.com%2Fauth%2Fdrive.file+https%3A%2F%2Fwww.googleapis.com%2Fauth%2Fclassroom.courses.readonly&state=zQ3mlBSwoyAbm2aJcD2gJymJur3S0H&access_type=offline&prompt=consent
2025-02-28 19:23:41,334 [INFO] google_auth_oauthlib.flow: "GET /?state=VnUtFBDclqmnDidF2eFcuFsXmo5iPq&code=4%2F0AQSTgQH6M5Yd5DhN3weXQOcu3CwUvVDu3GGX_E_DoUIzZnaFd9y1haTiMRlhzcoiszfaqQ&scope=https%3A%2F%2Fwww.googleapis.com%2Fauth%2Fclassroom.courses.readonly+https%3A%2F%2Fwww.googleapis.com%2Fauth%2Fclassroom.coursework.me+https%3A%2F%2Fwww.googleapis.com%2Fauth%2Fdrive.file HTTP/1.1" 200 65
2025-02-28 19:23:41,653 [INFO] __main__: New credentials obtained.
2025-02-28 19:23:41,655 [WARNING] __main__: No refresh token obtained, this may cause issues later.
2025-02-28 19:23:41,659 [INFO] __main__: Credentials saved to token file.
2025-02-28 19:23:41,697 [INFO] googleapiclient.discovery_cache: file_cache is only supported with oauth2client<4.0.0
2025-02-28 19:23:41,749 [INFO] googleapiclient.discovery_cache: file_cache is only supported with oauth2client<4.0.0
2025-02-28 19:23:41,835 [INFO] werkzeug: 127.0.0.1 - - [28/Feb/2025 19:23:41] "[31m[1mPOST /submit HTTP/1.1[0m" 400 -
2025-02-28 19:23:41,867 [INFO] __main__: Checking if token file exists at: C:\Users\openc\OneDrive\Pictures\moxamel\Education\token.json
2025-02-28 19:23:41,867 [INFO] __main__: Token file exists. Attempting to load credentials from token file.
2025-02-28 19:23:41,869 [WARNING] __main__: Refresh token not found in token file. Deleting token file.
2025-02-28 19:23:41,870 [ERROR] __main__: Error deleting token file: [WinError 32] The process cannot access the file because it is being used by another process: 'C:\\Users\\openc\\OneDrive\\Pictures\\moxamel\\Education\\token.json'
2025-02-28 19:23:41,871 [INFO] __main__: Credentials not found or invalid. Attempting to refresh or obtain new credentials.
2025-02-28 19:23:41,872 [INFO] __main__: No valid credentials or refresh token. Running installed app flow to obtain new credentials.
2025-02-28 19:23:41,876 [INFO] __main__: Authorization URL: https://accounts.google.com/o/oauth2/auth?response_type=code&client_id=377006442498-1ekutlo3pd071760fl15i7bbqb7he3ub.apps.googleusercontent.com&redirect_uri=http%3A%2F%2Flocalhost%3A8080%2F&scope=https%3A%2F%2Fwww.googleapis.com%2Fauth%2Fclassroom.coursework.me+https%3A%2F%2Fwww.googleapis.com%2Fauth%2Fdrive.file+https%3A%2F%2Fwww.googleapis.com%2Fauth%2Fclassroom.courses.readonly&state=igaSyVAHH9km1kSjNUWOajoFalAOiP&access_type=offline&prompt=consent
2025-02-28 19:23:41,950 [INFO] google_auth_oauthlib.flow: "GET /favicon.ico HTTP/1.1" 200 65
2025-02-28 19:23:42,220 [INFO] werkzeug: 127.0.0.1 - - [28/Feb/2025 19:23:42] "[35m[1mGET /assignments/745936555771 HTTP/1.1[0m" 500 -
2025-02-28 19:23:56,843 [INFO] werkzeug:  * Detected change in 'C:\\Users\\openc\\OneDrive\\Pictures\\moxamel\\Education\\app.py', reloading
2025-02-28 19:23:57,315 [INFO] werkzeug:  * Restarting with stat
2025-02-28 19:23:59,831 [WARNING] werkzeug:  * Debugger is active!
2025-02-28 19:23:59,841 [INFO] werkzeug:  * Debugger PIN: 170-763-050
2025-02-28 19:24:36,663 [INFO] werkzeug:  * Detected change in 'C:\\Users\\openc\\OneDrive\\Pictures\\moxamel\\Education\\app.py', reloading
2025-02-28 19:24:36,837 [INFO] werkzeug:  * Restarting with stat
2025-02-28 19:24:38,287 [WARNING] werkzeug:  * Debugger is active!
2025-02-28 19:24:38,294 [INFO] werkzeug:  * Debugger PIN: 170-763-050
